2019-03-10 13:23:57,607 Starting SellApplication on chenyuexiaoMBP with PID 30578 (/Users/chenyuexiao/Documents/IntellijProject/sell/target/classes started by chenyuexiao in /Users/chenyuexiao/Documents/IntellijProject/sell)
2019-03-10 13:23:57,607 No active profile set, falling back to default profiles: default
2019-03-10 13:23:57,769 Bootstrapping Spring Data repositories in DEFAULT mode.
2019-03-10 13:23:57,784 Finished Spring Data repository scanning in 15ms. Found 4 repository interfaces.
2019-03-10 13:23:57,831 Bean 'org.springframework.transaction.annotation.ProxyTransactionManagementConfiguration' of type [org.springframework.transaction.annotation.ProxyTransactionManagementConfiguration$$EnhancerBySpringCGLIB$$109993b] is not eligible for getting processed by all BeanPostProcessors (for example: not eligible for auto-proxying)
2019-03-10 13:23:57,882 Tomcat initialized with port(s): 8080 (http)
2019-03-10 13:23:57,882 Initializing ProtocolHandler ["http-nio-8080"]
2019-03-10 13:23:57,882 Starting service [Tomcat]
2019-03-10 13:23:57,883 Starting Servlet engine: [Apache Tomcat/9.0.16]
2019-03-10 13:23:57,888 Initializing Spring embedded WebApplicationContext
2019-03-10 13:23:57,888 Root WebApplicationContext: initialization completed in 279 ms
2019-03-10 13:23:57,920 HikariPool-13 - Starting...
2019-03-10 13:23:57,920 Registered driver with driverClassName=com.mysql.jdbc.Driver was not found, trying direct instantiation.
2019-03-10 13:23:57,953 HikariPool-13 - Start completed.
2019-03-10 13:23:57,960 HHH000204: Processing PersistenceUnitInfo [
	name: default
	...]
2019-03-10 13:23:57,967 HHH000400: Using dialect: org.hibernate.dialect.MySQL5Dialect
2019-03-10 13:23:57,997 Initialized JPA EntityManagerFactory for persistence unit 'default'
2019-03-10 13:23:58,119 Initializing ExecutorService 'applicationTaskExecutor'
2019-03-10 13:23:58,125 spring.jpa.open-in-view is enabled by default. Therefore, database queries may be performed during view rendering. Explicitly configure spring.jpa.open-in-view to disable this warning
2019-03-10 13:23:58,182 LiveReload server is running on port 35729
2019-03-10 13:23:58,202 Starting ProtocolHandler ["http-nio-8080"]
2019-03-10 13:23:58,204 Tomcat started on port(s): 8080 (http) with context path '/sell'
2019-03-10 13:23:58,204 Started SellApplication in 0.629 seconds (JVM running for 1674.679)
2019-03-10 13:23:58,206 Condition evaluation unchanged
2019-03-10 13:29:33,416 Initializing Spring DispatcherServlet 'dispatcherServlet'
2019-03-10 13:29:33,416 Initializing Servlet 'dispatcherServlet'
2019-03-10 13:29:33,419 Completed initialization in 3 ms
2019-03-10 13:29:33,455 HHH000397: Using ASTQueryTranslatorFactory
2019-03-10 13:41:28,333 Shutting down ExecutorService 'applicationTaskExecutor'
2019-03-10 13:41:28,334 Closing JPA EntityManagerFactory for persistence unit 'default'
2019-03-10 13:41:28,334 HikariPool-13 - Shutdown initiated...
2019-03-10 13:41:28,336 HikariPool-13 - Shutdown completed.
2019-03-10 13:41:30,428 Starting SellApplication on chenyuexiaoMBP with PID 30754 (/Users/chenyuexiao/Documents/IntellijProject/sell/target/classes started by chenyuexiao in /Users/chenyuexiao/Documents/IntellijProject/sell)
2019-03-10 13:41:30,431 No active profile set, falling back to default profiles: default
2019-03-10 13:41:30,511 Devtools property defaults active! Set 'spring.devtools.add-properties' to 'false' to disable
2019-03-10 13:41:30,511 For additional web related logging consider setting the 'logging.level.web' property to 'DEBUG'
2019-03-10 13:41:31,163 Bootstrapping Spring Data repositories in DEFAULT mode.
2019-03-10 13:41:31,250 Finished Spring Data repository scanning in 81ms. Found 4 repository interfaces.
2019-03-10 13:41:31,535 Bean 'org.springframework.transaction.annotation.ProxyTransactionManagementConfiguration' of type [org.springframework.transaction.annotation.ProxyTransactionManagementConfiguration$$EnhancerBySpringCGLIB$$b18b66a8] is not eligible for getting processed by all BeanPostProcessors (for example: not eligible for auto-proxying)
2019-03-10 13:41:31,916 Tomcat initialized with port(s): 8080 (http)
2019-03-10 13:41:31,930 Initializing ProtocolHandler ["http-nio-8080"]
2019-03-10 13:41:31,940 Starting service [Tomcat]
2019-03-10 13:41:31,940 Starting Servlet engine: [Apache Tomcat/9.0.16]
2019-03-10 13:41:31,947 The APR based Apache Tomcat Native library which allows optimal performance in production environments was not found on the java.library.path: [/Users/chenyuexiao/Library/Java/Extensions:/Library/Java/Extensions:/Network/Library/Java/Extensions:/System/Library/Java/Extensions:/usr/lib/java:.]
2019-03-10 13:41:32,064 Initializing Spring embedded WebApplicationContext
2019-03-10 13:41:32,064 Root WebApplicationContext: initialization completed in 1553 ms
2019-03-10 13:41:32,197 HikariPool-1 - Starting...
2019-03-10 13:41:32,198 Registered driver with driverClassName=com.mysql.jdbc.Driver was not found, trying direct instantiation.
2019-03-10 13:41:32,356 HikariPool-1 - Start completed.
2019-03-10 13:41:32,398 HHH000204: Processing PersistenceUnitInfo [
	name: default
	...]
2019-03-10 13:41:32,441 HHH000412: Hibernate Core {5.3.7.Final}
2019-03-10 13:41:32,442 HHH000206: hibernate.properties not found
2019-03-10 13:41:32,547 HCANN000001: Hibernate Commons Annotations {5.0.4.Final}
2019-03-10 13:41:32,668 HHH000400: Using dialect: org.hibernate.dialect.MySQL5Dialect
2019-03-10 13:41:33,162 Initialized JPA EntityManagerFactory for persistence unit 'default'
2019-03-10 13:41:33,898 Initializing ExecutorService 'applicationTaskExecutor'
2019-03-10 13:41:33,935 spring.jpa.open-in-view is enabled by default. Therefore, database queries may be performed during view rendering. Explicitly configure spring.jpa.open-in-view to disable this warning
2019-03-10 13:41:34,155 LiveReload server is running on port 35729
2019-03-10 13:41:34,186 Starting ProtocolHandler ["http-nio-8080"]
2019-03-10 13:41:34,224 Tomcat started on port(s): 8080 (http) with context path '/sell'
2019-03-10 13:41:34,228 Started SellApplication in 4.147 seconds (JVM running for 4.731)
2019-03-10 13:41:50,661 Initializing Spring DispatcherServlet 'dispatcherServlet'
2019-03-10 13:41:50,661 Initializing Servlet 'dispatcherServlet'
2019-03-10 13:41:50,666 Completed initialization in 5 ms
2019-03-10 13:41:50,704 HHH000397: Using ASTQueryTranslatorFactory
